<?xml version="1.0" encoding="UTF-8"?>
<robot generator="Robot 6.1.1 (Python 3.11.5 on win32)" generated="20230914 17:42:14.710" rpa="false" schemaversion="4">
<suite id="s1" name="Tc1" source="C:\Users\Admin\PycharmProjects\pythonProject\testcases\tc1.robot">
<test id="s1-t1" name="postive login test" line="8">
<kw name="Open Browser" library="SeleniumLibrary">
<arg>https://opensource-demo.orangehrmlive.com/web/index.php/auth/login</arg>
<arg>edge</arg>
<doc>Opens a new browser instance to the optional ``url``.</doc>
<msg timestamp="20230914 17:42:14.953" level="INFO">Opening browser 'edge' to base url 'https://opensource-demo.orangehrmlive.com/web/index.php/auth/login'.</msg>
<status status="PASS" starttime="20230914 17:42:14.953" endtime="20230914 17:42:19.491"/>
</kw>
<kw name="Input Text" library="SeleniumLibrary">
<arg>//input[@placeholder='Username']</arg>
<arg>Admin</arg>
<doc>Types the given ``text`` into the text field identified by ``locator``.</doc>
<msg timestamp="20230914 17:42:19.494" level="INFO">Typing text 'Admin' into text field '//input[@placeholder='Username']'.</msg>
<msg timestamp="20230914 17:42:19.605" level="INFO" html="true">&lt;/td&gt;&lt;/tr&gt;&lt;tr&gt;&lt;td colspan="3"&gt;&lt;a href="selenium-screenshot-13.png"&gt;&lt;img src="selenium-screenshot-13.png" width="800px"&gt;&lt;/a&gt;</msg>
<msg timestamp="20230914 17:42:19.605" level="FAIL">Element with locator '//input[@placeholder='Username']' not found.</msg>
<status status="FAIL" starttime="20230914 17:42:19.492" endtime="20230914 17:42:19.612"/>
</kw>
<status status="FAIL" starttime="20230914 17:42:14.952" endtime="20230914 17:42:19.613">Element with locator '//input[@placeholder='Username']' not found.</status>
</test>
<status status="FAIL" starttime="20230914 17:42:14.712" endtime="20230914 17:42:19.614"/>
</suite>
<statistics>
<total>
<stat pass="0" fail="1" skip="0">All Tests</stat>
</total>
<tag>
</tag>
<suite>
<stat pass="0" fail="1" skip="0" id="s1" name="Tc1">Tc1</stat>
</suite>
</statistics>
<errors>
</errors>
</robot>
